@!@!@STARTMSG 2262:0 @!@!@
TLC2 Version 2026.04.09.014118 (rev: 389440f)
@!@!@ENDMSG 2262 @!@!@
@!@!@STARTMSG 2187:0 @!@!@
Running breadth-first search Model-Checking with fp 5 and seed -8311858019568375702 with 12 workers on 12 cores with 7282MB heap and 64MB offheap memory [pid: 62209] (Mac OS X 26.3.1 x86_64, Oracle Corporation 14.0.2 64bit, MSBDiskFPSet, DiskStateQueue).
@!@!@ENDMSG 2187 @!@!@
@!@!@STARTMSG 2220:0 @!@!@
Starting SANY...
@!@!@ENDMSG 2220 @!@!@
Parsing file /Users/norris/Projects/cloudevent-signing-operator/docs/tla_new/producerpolicyreconciler/ProducerPolicy.tla
Parsing file /private/var/folders/7_/zjljtz8s3w1bhft61c05knnr0000gn/T/tlc-9967770557556547596/Integers.tla (jar:file:/Users/norris/.vscode/extensions/tlaplus.vscode-ide-2026.4.111628/tools/tla2tools.jar!/tla2sany/StandardModules/Integers.tla)
Parsing file /private/var/folders/7_/zjljtz8s3w1bhft61c05knnr0000gn/T/tlc-9967770557556547596/FiniteSets.tla (jar:file:/Users/norris/.vscode/extensions/tlaplus.vscode-ide-2026.4.111628/tools/tla2tools.jar!/tla2sany/StandardModules/FiniteSets.tla)
Parsing file /private/var/folders/7_/zjljtz8s3w1bhft61c05knnr0000gn/T/tlc-9967770557556547596/_TLCTrace.tla (jar:file:/Users/norris/.vscode/extensions/tlaplus.vscode-ide-2026.4.111628/tools/tla2tools.jar!/tla2sany/StandardModules/_TLCTrace.tla)
Parsing file /private/var/folders/7_/zjljtz8s3w1bhft61c05knnr0000gn/T/tlc-9967770557556547596/Naturals.tla (jar:file:/Users/norris/.vscode/extensions/tlaplus.vscode-ide-2026.4.111628/tools/tla2tools.jar!/tla2sany/StandardModules/Naturals.tla)
Parsing file /private/var/folders/7_/zjljtz8s3w1bhft61c05knnr0000gn/T/tlc-9967770557556547596/Sequences.tla (jar:file:/Users/norris/.vscode/extensions/tlaplus.vscode-ide-2026.4.111628/tools/tla2tools.jar!/tla2sany/StandardModules/Sequences.tla)
Parsing file /private/var/folders/7_/zjljtz8s3w1bhft61c05knnr0000gn/T/tlc-9967770557556547596/TLC.tla (jar:file:/Users/norris/.vscode/extensions/tlaplus.vscode-ide-2026.4.111628/tools/tla2tools.jar!/tla2sany/StandardModules/TLC.tla)
Parsing file /private/var/folders/7_/zjljtz8s3w1bhft61c05knnr0000gn/T/tlc-9967770557556547596/TLCExt.tla (jar:file:/Users/norris/.vscode/extensions/tlaplus.vscode-ide-2026.4.111628/tools/tla2tools.jar!/tla2sany/StandardModules/TLCExt.tla)
Semantic processing of module Naturals
Semantic processing of module Integers
Semantic processing of module Sequences
Semantic processing of module FiniteSets
Semantic processing of module TLC
Semantic processing of module TLCExt
Semantic processing of module _TLCTrace
Semantic processing of module ProducerPolicy
Linting of module TLCExt
Linting of module _TLCTrace
Linting of module ProducerPolicy
@!@!@STARTMSG 2219:0 @!@!@
SANY finished.
@!@!@ENDMSG 2219 @!@!@
@!@!@STARTMSG 2185:0 @!@!@
Starting... (2026-04-12 10:37:51)
@!@!@ENDMSG 2185 @!@!@
@!@!@STARTMSG 2212:0 @!@!@
Implied-temporal checking--satisfiability problem has 4 branches.
@!@!@ENDMSG 2212 @!@!@
@!@!@STARTMSG 2189:0 @!@!@
Computing initial states...
@!@!@ENDMSG 2189 @!@!@
@!@!@STARTMSG 2190:0 @!@!@
Finished computing initial states: 1 distinct state generated at 2026-04-12 10:37:52.
@!@!@ENDMSG 2190 @!@!@
@!@!@STARTMSG 2192:0 @!@!@
Checking 4 branches of temporal properties for the current state space with 130720 total distinct states at (2026-04-12 10:37:55)
@!@!@ENDMSG 2192 @!@!@
@!@!@STARTMSG 2267:0 @!@!@
Finished checking temporal properties in 01s at 2026-04-12 10:37:56
@!@!@ENDMSG 2267 @!@!@
@!@!@STARTMSG 2200:0 @!@!@
Progress(25) at 2026-04-12 10:37:56: 72.781 states generated (72.781 s/min), 32.682 distinct states found (32.682 ds/min), 2.616 states left on queue.
@!@!@ENDMSG 2200 @!@!@
@!@!@STARTMSG 2200:0 @!@!@
Progress(36) at 2026-04-12 10:37:56: 97.865 states generated, 42.607 distinct states found, 0 states left on queue.
@!@!@ENDMSG 2200 @!@!@
@!@!@STARTMSG 2192:0 @!@!@
Checking 4 branches of temporal properties for the complete state space with 170428 total distinct states at (2026-04-12 10:37:56)
@!@!@ENDMSG 2192 @!@!@
@!@!@STARTMSG 2267:0 @!@!@
Finished checking temporal properties in 01s at 2026-04-12 10:37:57
@!@!@ENDMSG 2267 @!@!@
@!@!@STARTMSG 2193:0 @!@!@
Model checking completed. No error has been found.
  Estimates of the probability that TLC did not check all reachable states
  because two distinct states had the same fingerprint:
  calculated (optimistic):  val = 1.3E-10
  based on the actual fingerprints:  val = 5.2E-10
@!@!@ENDMSG 2193 @!@!@
@!@!@STARTMSG 2200:0 @!@!@
Progress(36) at 2026-04-12 10:37:57: 97.865 states generated (795.111 s/min), 42.607 distinct states found (346.163 ds/min), 0 states left on queue.
@!@!@ENDMSG 2200 @!@!@
@!@!@STARTMSG 2199:0 @!@!@
97865 states generated, 42607 distinct states found, 0 states left on queue.
@!@!@ENDMSG 2199 @!@!@
@!@!@STARTMSG 2194:0 @!@!@
The depth of the complete state graph search is 36.
@!@!@ENDMSG 2194 @!@!@
@!@!@STARTMSG 2268:0 @!@!@
The average outdegree of the complete state graph is 1 (minimum is 0, the maximum 6 and the 95th percentile is 2).
@!@!@ENDMSG 2268 @!@!@
@!@!@STARTMSG 2186:0 @!@!@
Finished in 7394ms at (2026-04-12 10:37:57)
@!@!@ENDMSG 2186 @!@!@
