@!@!@STARTMSG 2262:0 @!@!@
TLC2 Version 2026.04.09.014118 (rev: 389440f)
@!@!@ENDMSG 2262 @!@!@
@!@!@STARTMSG 2187:0 @!@!@
Running breadth-first search Model-Checking with fp 57 and seed 7937701887444953710 with 12 workers on 12 cores with 7282MB heap and 64MB offheap memory [pid: 60377] (Mac OS X 26.3.1 x86_64, Oracle Corporation 14.0.2 64bit, MSBDiskFPSet, DiskStateQueue).
@!@!@ENDMSG 2187 @!@!@
@!@!@STARTMSG 2220:0 @!@!@
Starting SANY...
@!@!@ENDMSG 2220 @!@!@
Parsing file /Users/norris/Projects/cloudevent-signing-operator/docs/tla/CeSigningReconciler.tla
Parsing file /private/var/folders/7_/zjljtz8s3w1bhft61c05knnr0000gn/T/tlc-9034522514272682424/Integers.tla (jar:file:/Users/norris/.vscode/extensions/tlaplus.vscode-ide-2026.4.111628/tools/tla2tools.jar!/tla2sany/StandardModules/Integers.tla)
Parsing file /private/var/folders/7_/zjljtz8s3w1bhft61c05knnr0000gn/T/tlc-9034522514272682424/Sequences.tla (jar:file:/Users/norris/.vscode/extensions/tlaplus.vscode-ide-2026.4.111628/tools/tla2tools.jar!/tla2sany/StandardModules/Sequences.tla)
Parsing file /private/var/folders/7_/zjljtz8s3w1bhft61c05knnr0000gn/T/tlc-9034522514272682424/FiniteSets.tla (jar:file:/Users/norris/.vscode/extensions/tlaplus.vscode-ide-2026.4.111628/tools/tla2tools.jar!/tla2sany/StandardModules/FiniteSets.tla)
Parsing file /private/var/folders/7_/zjljtz8s3w1bhft61c05knnr0000gn/T/tlc-9034522514272682424/TLC.tla (jar:file:/Users/norris/.vscode/extensions/tlaplus.vscode-ide-2026.4.111628/tools/tla2tools.jar!/tla2sany/StandardModules/TLC.tla)
Parsing file /private/var/folders/7_/zjljtz8s3w1bhft61c05knnr0000gn/T/tlc-9034522514272682424/_TLCTrace.tla (jar:file:/Users/norris/.vscode/extensions/tlaplus.vscode-ide-2026.4.111628/tools/tla2tools.jar!/tla2sany/StandardModules/_TLCTrace.tla)
Parsing file /private/var/folders/7_/zjljtz8s3w1bhft61c05knnr0000gn/T/tlc-9034522514272682424/Naturals.tla (jar:file:/Users/norris/.vscode/extensions/tlaplus.vscode-ide-2026.4.111628/tools/tla2tools.jar!/tla2sany/StandardModules/Naturals.tla)
Parsing file /private/var/folders/7_/zjljtz8s3w1bhft61c05knnr0000gn/T/tlc-9034522514272682424/TLCExt.tla (jar:file:/Users/norris/.vscode/extensions/tlaplus.vscode-ide-2026.4.111628/tools/tla2tools.jar!/tla2sany/StandardModules/TLCExt.tla)
Semantic processing of module Naturals
Semantic processing of module Integers
Semantic processing of module Sequences
Semantic processing of module FiniteSets
Semantic processing of module TLC
Semantic processing of module TLCExt
Semantic processing of module _TLCTrace
Semantic processing of module CeSigningReconciler
Linting of module TLCExt
Linting of module _TLCTrace
Linting of module CeSigningReconciler
@!@!@STARTMSG 2219:0 @!@!@
SANY finished.
@!@!@ENDMSG 2219 @!@!@
@!@!@STARTMSG 2185:0 @!@!@
Starting... (2026-04-12 09:28:39)
@!@!@ENDMSG 2185 @!@!@
@!@!@STARTMSG 2212:0 @!@!@
Implied-temporal checking--satisfiability problem has 5 branches.
@!@!@ENDMSG 2212 @!@!@
@!@!@STARTMSG 2189:0 @!@!@
Computing initial states...
@!@!@ENDMSG 2189 @!@!@
@!@!@STARTMSG 2190:0 @!@!@
Finished computing initial states: 1 distinct state generated at 2026-04-12 09:28:39.
@!@!@ENDMSG 2190 @!@!@
@!@!@STARTMSG 2192:0 @!@!@
Checking 5 branches of temporal properties for the current state space with 85578 total distinct states at (2026-04-12 09:28:42)
@!@!@ENDMSG 2192 @!@!@
@!@!@STARTMSG 2267:0 @!@!@
Finished checking temporal properties in 00s at 2026-04-12 09:28:43
@!@!@ENDMSG 2267 @!@!@
@!@!@STARTMSG 2200:0 @!@!@
Progress(10) at 2026-04-12 09:28:43: 53.614 states generated (53.614 s/min), 19.421 distinct states found (19.421 ds/min), 11.467 states left on queue.
@!@!@ENDMSG 2200 @!@!@
@!@!@STARTMSG 2192:0 @!@!@
Checking 5 branches of temporal properties for the current state space with 3425149 total distinct states at (2026-04-12 09:29:43)
@!@!@ENDMSG 2192 @!@!@
@!@!@STARTMSG 2267:0 @!@!@
Finished checking temporal properties in 19s at 2026-04-12 09:30:03
@!@!@ENDMSG 2267 @!@!@
@!@!@STARTMSG 2200:0 @!@!@
Progress(15) at 2026-04-12 09:30:03: 2.263.377 states generated (2.209.763 s/min), 755.707 distinct states found (736.286 ds/min), 353.271 states left on queue.
@!@!@ENDMSG 2200 @!@!@
@!@!@STARTMSG 2200:0 @!@!@
Progress(16) at 2026-04-12 09:31:03: 4.450.179 states generated (2.186.802 s/min), 1.439.796 distinct states found (684.089 ds/min), 633.120 states left on queue.
@!@!@ENDMSG 2200 @!@!@
@!@!@STARTMSG 2192:0 @!@!@
Checking 5 branches of temporal properties for the current state space with 9765589 total distinct states at (2026-04-12 09:32:03)
@!@!@ENDMSG 2192 @!@!@
@!@!@STARTMSG 2267:0 @!@!@
Finished checking temporal properties in 59s at 2026-04-12 09:33:02
@!@!@ENDMSG 2267 @!@!@
@!@!@STARTMSG 2200:0 @!@!@
Progress(17) at 2026-04-12 09:33:02: 6.727.151 states generated (2.276.972 s/min), 2.133.548 distinct states found (693.752 ds/min), 902.063 states left on queue.
@!@!@ENDMSG 2200 @!@!@
@!@!@STARTMSG 2200:0 @!@!@
Progress(17) at 2026-04-12 09:34:02: 8.904.648 states generated (2.177.497 s/min), 2.802.843 distinct states found (669.295 ds/min), 1.155.851 states left on queue.
@!@!@ENDMSG 2200 @!@!@
@!@!@STARTMSG 2200:0 @!@!@
Progress(18) at 2026-04-12 09:35:02: 11.125.846 states generated (2.221.198 s/min), 3.460.247 distinct states found (657.404 ds/min), 1.387.072 states left on queue.
@!@!@ENDMSG 2200 @!@!@
@!@!@STARTMSG 2200:0 @!@!@
Progress(18) at 2026-04-12 09:36:02: 13.397.954 states generated (2.272.108 s/min), 4.112.457 distinct states found (652.210 ds/min), 1.601.789 states left on queue.
@!@!@ENDMSG 2200 @!@!@
@!@!@STARTMSG 2192:0 @!@!@
Checking 5 branches of temporal properties for the current state space with 22033903 total distinct states at (2026-04-12 09:37:02)
@!@!@ENDMSG 2192 @!@!@
@!@!@STARTMSG 2267:0 @!@!@
Finished checking temporal properties in 02min 21s at 2026-04-12 09:39:24
@!@!@ENDMSG 2267 @!@!@
@!@!@STARTMSG 2200:0 @!@!@
Progress(18) at 2026-04-12 09:39:24: 15.657.339 states generated (2.259.385 s/min), 4.770.581 distinct states found (658.124 ds/min), 1.818.970 states left on queue.
@!@!@ENDMSG 2200 @!@!@
@!@!@STARTMSG 2200:0 @!@!@
Progress(19) at 2026-04-12 09:40:24: 17.823.394 states generated (2.166.055 s/min), 5.410.824 distinct states found (640.243 ds/min), 2.042.695 states left on queue.
@!@!@ENDMSG 2200 @!@!@
