@!@!@STARTMSG 2262:0 @!@!@
TLC2 Version 2026.04.09.014118 (rev: 389440f)
@!@!@ENDMSG 2262 @!@!@
@!@!@STARTMSG 2187:0 @!@!@
Running breadth-first search Model-Checking with fp 87 and seed -77169554418589963 with 12 workers on 12 cores with 7282MB heap and 64MB offheap memory [pid: 63284] (Mac OS X 26.3.1 x86_64, Oracle Corporation 14.0.2 64bit, MSBDiskFPSet, DiskStateQueue).
@!@!@ENDMSG 2187 @!@!@
@!@!@STARTMSG 2220:0 @!@!@
Starting SANY...
@!@!@ENDMSG 2220 @!@!@
Parsing file /Users/norris/Projects/cloudevent-signing-operator/docs/tla_new/consumerpolicyreconciler/ConsumerPolicy.tla
Parsing file /private/var/folders/7_/zjljtz8s3w1bhft61c05knnr0000gn/T/tlc-4835402589075874280/FiniteSets.tla (jar:file:/Users/norris/.vscode/extensions/tlaplus.vscode-ide-2026.4.111628/tools/tla2tools.jar!/tla2sany/StandardModules/FiniteSets.tla)
Parsing file /private/var/folders/7_/zjljtz8s3w1bhft61c05knnr0000gn/T/tlc-4835402589075874280/_TLCTrace.tla (jar:file:/Users/norris/.vscode/extensions/tlaplus.vscode-ide-2026.4.111628/tools/tla2tools.jar!/tla2sany/StandardModules/_TLCTrace.tla)
Parsing file /private/var/folders/7_/zjljtz8s3w1bhft61c05knnr0000gn/T/tlc-4835402589075874280/Naturals.tla (jar:file:/Users/norris/.vscode/extensions/tlaplus.vscode-ide-2026.4.111628/tools/tla2tools.jar!/tla2sany/StandardModules/Naturals.tla)
Parsing file /private/var/folders/7_/zjljtz8s3w1bhft61c05knnr0000gn/T/tlc-4835402589075874280/Sequences.tla (jar:file:/Users/norris/.vscode/extensions/tlaplus.vscode-ide-2026.4.111628/tools/tla2tools.jar!/tla2sany/StandardModules/Sequences.tla)
Parsing file /private/var/folders/7_/zjljtz8s3w1bhft61c05knnr0000gn/T/tlc-4835402589075874280/TLC.tla (jar:file:/Users/norris/.vscode/extensions/tlaplus.vscode-ide-2026.4.111628/tools/tla2tools.jar!/tla2sany/StandardModules/TLC.tla)
Parsing file /private/var/folders/7_/zjljtz8s3w1bhft61c05knnr0000gn/T/tlc-4835402589075874280/TLCExt.tla (jar:file:/Users/norris/.vscode/extensions/tlaplus.vscode-ide-2026.4.111628/tools/tla2tools.jar!/tla2sany/StandardModules/TLCExt.tla)
Parsing file /private/var/folders/7_/zjljtz8s3w1bhft61c05knnr0000gn/T/tlc-4835402589075874280/Integers.tla (jar:file:/Users/norris/.vscode/extensions/tlaplus.vscode-ide-2026.4.111628/tools/tla2tools.jar!/tla2sany/StandardModules/Integers.tla)
Semantic processing of module Naturals
Semantic processing of module Sequences
Semantic processing of module FiniteSets
Semantic processing of module TLC
Semantic processing of module Integers
Semantic processing of module TLCExt
Semantic processing of module _TLCTrace
Semantic processing of module ConsumerPolicy
Linting of module TLCExt
Linting of module _TLCTrace
Linting of module ConsumerPolicy
@!@!@STARTMSG 2219:0 @!@!@
SANY finished.
@!@!@ENDMSG 2219 @!@!@
@!@!@STARTMSG 2185:0 @!@!@
Starting... (2026-04-12 12:06:04)
@!@!@ENDMSG 2185 @!@!@
@!@!@STARTMSG 2212:0 @!@!@
Implied-temporal checking--satisfiability problem has 6 branches.
@!@!@ENDMSG 2212 @!@!@
@!@!@STARTMSG 2189:0 @!@!@
Computing initial states...
@!@!@ENDMSG 2189 @!@!@
@!@!@STARTMSG 2190:0 @!@!@
Finished computing initial states: 1 distinct state generated at 2026-04-12 12:06:04.
@!@!@ENDMSG 2190 @!@!@
@!@!@STARTMSG 2200:0 @!@!@
Progress(9) at 2026-04-12 12:06:05: 139 states generated, 70 distinct states found, 0 states left on queue.
@!@!@ENDMSG 2200 @!@!@
@!@!@STARTMSG 2192:0 @!@!@
Checking 6 branches of temporal properties for the complete state space with 420 total distinct states at (2026-04-12 12:06:05)
@!@!@ENDMSG 2192 @!@!@
@!@!@STARTMSG 2267:0 @!@!@
Finished checking temporal properties in 00s at 2026-04-12 12:06:05
@!@!@ENDMSG 2267 @!@!@
@!@!@STARTMSG 2193:0 @!@!@
Model checking completed. No error has been found.
  Estimates of the probability that TLC did not check all reachable states
  because two distinct states had the same fingerprint:
  calculated (optimistic):  val = 2.6E-16
@!@!@ENDMSG 2193 @!@!@
@!@!@STARTMSG 2200:0 @!@!@
Progress(9) at 2026-04-12 12:06:05: 139 states generated (4.474 s/min), 70 distinct states found (2.253 ds/min), 0 states left on queue.
@!@!@ENDMSG 2200 @!@!@
@!@!@STARTMSG 2199:0 @!@!@
139 states generated, 70 distinct states found, 0 states left on queue.
@!@!@ENDMSG 2199 @!@!@
@!@!@STARTMSG 2194:0 @!@!@
The depth of the complete state graph search is 9.
@!@!@ENDMSG 2194 @!@!@
@!@!@STARTMSG 2268:0 @!@!@
The average outdegree of the complete state graph is 1 (minimum is 0, the maximum 4 and the 95th percentile is 3).
@!@!@ENDMSG 2268 @!@!@
@!@!@STARTMSG 2186:0 @!@!@
Finished in 1871ms at (2026-04-12 12:06:05)
@!@!@ENDMSG 2186 @!@!@
